[debug] [2024-02-13T09:44:35.201Z] ----------------------------------------------------------------------
[debug] [2024-02-13T09:44:35.202Z] Command:       /home/yuvaraj0702/.nvm/versions/node/v20.0.0/bin/node /home/yuvaraj0702/.nvm/versions/node/v20.0.0/bin/firebase init
[debug] [2024-02-13T09:44:35.202Z] CLI Version:   13.2.1
[debug] [2024-02-13T09:44:35.202Z] Platform:      linux
[debug] [2024-02-13T09:44:35.202Z] Node Version:  v20.0.0
[debug] [2024-02-13T09:44:35.202Z] Time:          Tue Feb 13 2024 17:44:35 GMT+0800 (Singapore Standard Time)
[debug] [2024-02-13T09:44:35.202Z] ----------------------------------------------------------------------
[debug] 
[debug] [2024-02-13T09:44:35.241Z] > command requires scopes: ["email","openid","https://www.googleapis.com/auth/cloudplatformprojects.readonly","https://www.googleapis.com/auth/firebase","https://www.googleapis.com/auth/cloud-platform"]
[debug] [2024-02-13T09:44:35.241Z] > authorizing via signed-in user (yuvaraj408@gmail.com)
[info] 
     ######## #### ########  ######## ########     ###     ######  ########
     ##        ##  ##     ## ##       ##     ##  ##   ##  ##       ##
     ######    ##  ########  ######   ########  #########  ######  ######
     ##        ##  ##    ##  ##       ##     ## ##     ##       ## ##
     ##       #### ##     ## ######## ########  ##     ##  ######  ########

You're about to initialize a Firebase project in this directory:

  /home/yuvaraj0702/demo

Before we get started, keep in mind:

  * You are initializing within an existing Firebase project directory

